<?xml version="1.0" encoding="UTF-8"?>
<!-- Generated by org.testng.reporters.JUnitXMLReporter -->
<testsuite ignored="0" hostname="SurajShibe" failures="0" tests="8" name="Fist group test" time="0.065" errors="0" timestamp="2023-01-08T16:36:23 IST">
  <testcase classname="TestNGPrograms.GroupExamples" name="testCaseFive" time="0.007"/>
  <testcase classname="TestNGPrograms.GroupExamples" name="testCaseFour" time="0.001"/>
  <testcase classname="TestNGPrograms.GroupExamples" name="testCaseOne" time="0.001"/>
  <testcase classname="TestNGPrograms.GroupExamples" name="testCaseThree" time="0.0"/>
  <testcase classname="TestNGPrograms.GroupExamples" name="testCaseTwo" time="0.001"/>
  <testcase classname="TestNGPrograms.groupEx" name="login" time="0.001"/>
  <testcase classname="TestNGPrograms.groupEx" name="login1" time="0.003"/>
  <testcase classname="TestNGPrograms.groupEx" name="logout" time="0.002"/>
</testsuite> <!-- Fist group test -->
