<?xml version="1.0" encoding="UTF-8"?>
<!-- Generated by org.testng.reporters.JUnitXMLReporter -->
<testsuite ignored="1" hostname="SurajShibe" failures="0" tests="2" name="Methods1" time="0.044" errors="0" timestamp="2023-01-08T17:03:00 IST">
  <testcase classname="TestNGPrograms.IncludeExcludeMethod" name="addLocationTestCase" time="0.007"/>
  <testcase classname="TestNGPrograms.IncludeExcludeMethod" name="addDepartmentTestCase" time="0.002"/>
  <testcase classname="TestNGPrograms.IncludeExcludeMethod" name="addEmployeeTestCase" time="0.0">
    <ignored/>
  </testcase> <!-- addEmployeeTestCase -->
</testsuite> <!-- Methods1 -->
